mode: set
github.com/GolangToolKits/go-secure-cookies/cookies.go:14.52,19.16 4 1
github.com/GolangToolKits/go-secure-cookies/cookies.go:26.2,26.20 1 1
github.com/GolangToolKits/go-secure-cookies/cookies.go:19.16,23.3 3 1
github.com/GolangToolKits/go-secure-cookies/cookies.go:23.8,25.3 1 1
github.com/GolangToolKits/go-secure-cookies/gcmEncryption.go:23.52,31.25 4 1
github.com/GolangToolKits/go-secure-cookies/gcmEncryption.go:40.2,40.19 1 1
github.com/GolangToolKits/go-secure-cookies/gcmEncryption.go:45.2,45.20 1 1
github.com/GolangToolKits/go-secure-cookies/gcmEncryption.go:31.25,34.3 1 1
github.com/GolangToolKits/go-secure-cookies/gcmEncryption.go:34.8,34.32 1 1
github.com/GolangToolKits/go-secure-cookies/gcmEncryption.go:34.32,37.3 1 1
github.com/GolangToolKits/go-secure-cookies/gcmEncryption.go:37.8,37.32 1 1
github.com/GolangToolKits/go-secure-cookies/gcmEncryption.go:37.32,39.3 1 1
github.com/GolangToolKits/go-secure-cookies/gcmEncryption.go:40.19,44.3 3 1
github.com/GolangToolKits/go-secure-cookies/gcmEncryption.go:49.56,53.16 4 1
github.com/GolangToolKits/go-secure-cookies/gcmEncryption.go:67.2,67.20 1 1
github.com/GolangToolKits/go-secure-cookies/gcmEncryption.go:53.16,55.17 2 1
github.com/GolangToolKits/go-secure-cookies/gcmEncryption.go:55.17,59.18 4 1
github.com/GolangToolKits/go-secure-cookies/gcmEncryption.go:59.18,62.5 2 1
github.com/GolangToolKits/go-secure-cookies/gcmEncryption.go:64.8,66.3 1 1
github.com/GolangToolKits/go-secure-cookies/gcmEncryption.go:71.57,75.16 4 1
github.com/GolangToolKits/go-secure-cookies/gcmEncryption.go:94.2,94.20 1 1
github.com/GolangToolKits/go-secure-cookies/gcmEncryption.go:75.16,77.17 2 1
github.com/GolangToolKits/go-secure-cookies/gcmEncryption.go:77.17,80.26 3 1
github.com/GolangToolKits/go-secure-cookies/gcmEncryption.go:80.26,84.19 4 1
github.com/GolangToolKits/go-secure-cookies/gcmEncryption.go:84.19,86.6 1 1
github.com/GolangToolKits/go-secure-cookies/gcmEncryption.go:86.11,88.6 1 1
github.com/GolangToolKits/go-secure-cookies/gcmEncryption.go:91.8,93.3 1 1
github.com/GolangToolKits/go-secure-cookies/secureCookies.go:15.80,19.16 4 1
github.com/GolangToolKits/go-secure-cookies/secureCookies.go:25.2,25.15 1 1
github.com/GolangToolKits/go-secure-cookies/secureCookies.go:19.16,22.3 2 1
github.com/GolangToolKits/go-secure-cookies/secureCookies.go:22.8,24.3 1 1
github.com/GolangToolKits/go-secure-cookies/secureCookies.go:28.76,32.16 4 1
github.com/GolangToolKits/go-secure-cookies/secureCookies.go:43.2,43.20 1 1
github.com/GolangToolKits/go-secure-cookies/secureCookies.go:32.16,36.17 4 1
github.com/GolangToolKits/go-secure-cookies/secureCookies.go:36.17,38.34 2 1
github.com/GolangToolKits/go-secure-cookies/secureCookies.go:38.34,40.5 1 1
